<?xml version="1.0" encoding="UTF-8"?>
<!-- Generated by org.testng.reporters.JUnitReportReporter -->
<testsuite hostname="Amardeep" failures="0" tests="3" name="AmarAcademy.Tests.SubmitOrder" time="32.848" errors="0" timestamp="2024-06-17T11:24:57 IST" skipped="0">
  <testcase classname="AmarAcademy.Tests.SubmitOrder" name="OrderHistory" time="2.519"/>
  <system-out/>
  <testcase classname="AmarAcademy.Tests.SubmitOrder" name="SubmitOrder" time="14.576"/>
  <system-out/>
  <testcase classname="AmarAcademy.Tests.SubmitOrder" name="SubmitOrder" time="15.753"/>
  <system-out/>
</testsuite> <!-- AmarAcademy.Tests.SubmitOrder -->
