<?xml version="1.0" encoding="UTF-8"?>
<!-- Generated by org.testng.reporters.JUnitReportReporter -->
<testsuite hostname="Amardeep" failures="0" tests="3" name="AmarAcademy.Tests.SubmitOrder2" time="33.787" errors="0" timestamp="2024-06-15T18:32:49 IST" skipped="0">
  <testcase classname="AmarAcademy.Tests.SubmitOrder2" name="SubmitOrder" time="16.824"/>
  <system-out/>
  <testcase classname="AmarAcademy.Tests.SubmitOrder2" name="SubmitOrder" time="14.247"/>
  <system-out/>
  <testcase classname="AmarAcademy.Tests.SubmitOrder2" name="OrderHistory" time="2.716"/>
  <system-out/>
</testsuite> <!-- AmarAcademy.Tests.SubmitOrder2 -->
