<?xml version="1.0" encoding="UTF-8"?>
<!-- Generated by org.testng.reporters.JUnitReportReporter -->
<testsuite hostname="Amardeep" failures="0" tests="3" name="AmarAcademy.Tests.SubmitOrder" time="32.970" errors="0" timestamp="2024-06-20T08:58:38 IST" skipped="0">
  <testcase classname="AmarAcademy.Tests.SubmitOrder" name="SubmitOrder" time="14.327"/>
  <testcase classname="AmarAcademy.Tests.SubmitOrder" name="OrderHistory" time="3.619"/>
  <testcase classname="AmarAcademy.Tests.SubmitOrder" name="SubmitOrder" time="15.024"/>
</testsuite> <!-- AmarAcademy.Tests.SubmitOrder -->
